[ 
    { 
        codigo: '',
        nombre: 'EVALUACION DE CALIDAD DE SOFTWARE',
        grupo:  'A',
        m1: { ec: '15', ep: '15', ed: '15', pm: '15.0' },
        m2: { ec: '--', ep: '--', ed: '--', pm: '' },
        m3: { ec: '--', ep: '--', ed: '--', pm: '' },
        m4: { ec: '--', ep: '--', ed: '--', pm: '' },
        pmf: ''
    }
]




PS C:\Users\sam\Documents\AWebScrapping> node index2 0333152008 weiner23
dentro de intranet
[ { curso: 'EVALUACION DE CALIDAD DE SOFTWARE-A',
    modulo1: '15  15  15  15.0',
    modulo2: '--  --  --  ',
    modulo3: '--  --  --  ',
    modulo4: '--  --  --  ',
    promedio_final: '' },
  { curso: 'FORMULACION Y EVALUACION DE PROYECTOS INFORMATICOS-A',
    modulo1: '16  15  15  15.3',
    modulo2: '--  --  --  ',
    modulo3: '--  --  --  ',
    modulo4: '--  --  --  ',
    promedio_final: '' },
  { curso: 'AUDITORIA Y SEGURIDAD DE LA INFORMACION-A',
    modulo1: '12  12  12  12.0',
    modulo2: '--  --  --  ',
    modulo3: '--  --  --  ',
    modulo4: '--  --  --  ',
    promedio_final: '' },
  { curso: 'TALLER DE REDES DE VOZ Y VIDEO-A',
    modulo1: '16  16  16  16.0',
    modulo2: '--  --  --  ',
    modulo3: '--  --  --  ',
    modulo4: '--  --  --  ',
    promedio_final: '' },
  { curso: 'SISTEMAS INTELIGENTES-A',
    modulo1: '14  15  14  14.3',
    modulo2: '--  --  --  ',
    modulo3: '--  --  --  ',
    modulo4: '--  --  --  ',
    promedio_final: '' },
  { curso: 'EMPRENDIMIENTO E INNOVACION-A',
    modulo1: '20  16  15  16.8',
    modulo2: '--  --  --  ',
    modulo3: '--  --  --  ',
    modulo4: '--  --  --  ',
    promedio_final: '' },
  { curso: 'REDES NEURONALES (e)-A',
    modulo1: '15  16  14  15.0',
    modulo2: '--  --  --  ',
    modulo3: '--  --  --  ',
    modulo4: '--  --  --  ',
    promedio_final: '' } ]
    //-----------------------------------------------------------------------------
[ { curso: 'EVALUACION DE CALIDAD DE SOFTWARE-A',
    modulo1: '15  15  15  15.0',
    modulo2: '--  --  --  ',
    modulo3: '--  --  --  ',
    modulo4: '--  --  --  ',
    promedio_final: '' },
  { curso: 'FORMULACION Y EVALUACION DE PROYECTOS INFORMATICOS-A',
    modulo1: '16  16  16  16.0',
    modulo2: '--  --  --  ',
    modulo3: '--  --  --  ',
    modulo4: '--  --  --  ',
    promedio_final: '' },
  { curso: 'AUDITORIA Y SEGURIDAD DE LA INFORMACION-A',
    modulo1: '12  12  12  12.0',
    modulo2: '--  --  --  ',
    modulo3: '--  --  --  ',
    modulo4: '--  --  --  ',
    promedio_final: '' },
  { curso: 'TALLER DE REDES DE VOZ Y VIDEO-A',
    modulo1: '17  16  16  16.3',
    modulo2: '--  --  --  ',
    modulo3: '--  --  --  ',
    modulo4: '--  --  --  ',
    promedio_final: '' },
  { curso: 'SISTEMAS INTELIGENTES-A',
    modulo1: '13  11  11  11.6',
    modulo2: '--  --  --  ',
    modulo3: '--  --  --  ',
    modulo4: '--  --  --  ',
    promedio_final: '' },
  { curso: 'EMPRENDIMIENTO E INNOVACION-A',
    modulo1: '18  16  16  16.6',
    modulo2: '--  --  --  ',
    modulo3: '--  --  --  ',
    modulo4: '--  --  --  ',
    promedio_final: '' },
  { curso: 'REDES NEURONALES (e)-A',
    modulo1: '15  16  14  15.0',
    modulo2: '--  --  --  ',
    modulo3: '--  --  --  ',
    modulo4: '--  --  --  ',
    promedio_final: '' },
  { curso: 'INTELIGENCIA DE NEGOCIOS (e)-A',
    modulo1: '15  15  15  15.0',
    modulo2: '--  --  --  ',
    modulo3: '--  --  --  ',
    modulo4: '--  --  --  ',
    promedio_final: '' } ]
[ { nombre: 'EVALUACION DE CALIDAD DE SOFTWARE-A',
    m1: { ec1: '15', ep1: '15', ed1: '15', pm1: '15.0' },
    m2: { ec2: '--', ep2: '--', ed2: '--', pm2: '' },
    m3: { ec3: '--', ep3: '--', ed3: '--', pm3: '' },
    m4: { ec4: '--', ep4: '--', ed4: '--', pm4: '' },
    pmf: '' },
  { nombre: 'FORMULACION Y EVALUACION DE PROYECTOS INFORMATICOS-A',
    m1: { ec1: '16', ep1: '16', ed1: '16', pm1: '16.0' },
    m2: { ec2: '--', ep2: '--', ed2: '--', pm2: '' },
    m3: { ec3: '--', ep3: '--', ed3: '--', pm3: '' },
    m4: { ec4: '--', ep4: '--', ed4: '--', pm4: '' },
    pmf: '' },
  { nombre: 'AUDITORIA Y SEGURIDAD DE LA INFORMACION-A',
    m1: { ec1: '12', ep1: '12', ed1: '12', pm1: '12.0' },
    m2: { ec2: '--', ep2: '--', ed2: '--', pm2: '' },
    m3: { ec3: '--', ep3: '--', ed3: '--', pm3: '' },
    m4: { ec4: '--', ep4: '--', ed4: '--', pm4: '' },
    pmf: '' },
  { nombre: 'TALLER DE REDES DE VOZ Y VIDEO-A',
    m1: { ec1: '17', ep1: '16', ed1: '16', pm1: '16.3' },
    m2: { ec2: '--', ep2: '--', ed2: '--', pm2: '' },
    m3: { ec3: '--', ep3: '--', ed3: '--', pm3: '' },
    m4: { ec4: '--', ep4: '--', ed4: '--', pm4: '' },
    pmf: '' },
  { nombre: 'SISTEMAS INTELIGENTES-A',
    m1: { ec1: '13', ep1: '11', ed1: '11', pm1: '11.6' },
    m2: { ec2: '--', ep2: '--', ed2: '--', pm2: '' },
    m3: { ec3: '--', ep3: '--', ed3: '--', pm3: '' },
    m4: { ec4: '--', ep4: '--', ed4: '--', pm4: '' },
    pmf: '' },
  { nombre: 'EMPRENDIMIENTO E INNOVACION-A',
    m1: { ec1: '18', ep1: '16', ed1: '16', pm1: '16.6' },
    m2: { ec2: '--', ep2: '--', ed2: '--', pm2: '' },
    m3: { ec3: '--', ep3: '--', ed3: '--', pm3: '' },
    m4: { ec4: '--', ep4: '--', ed4: '--', pm4: '' },
    pmf: '' },
  { nombre: 'REDES NEURONALES (e)-A',
    m1: { ec1: '15', ep1: '16', ed1: '14', pm1: '15.0' },    
    m2: { ec2: '--', ep2: '--', ed2: '--', pm2: '' },
    m3: { ec3: '--', ep3: '--', ed3: '--', pm3: '' },    
    m4: { ec4: '--', ep4: '--', ed4: '--', pm4: '' },
    pmf: '' },  
    { nombre: 'INTELIGENCIA DE NEGOCIOS (e)-A',
    m1: { ec1: '15', ep1: '15', ed1: '15', pm1: '15.0' },
    m2: { ec2: '--', ep2: '--', ed2: '--', pm2: '' },    
    m3: { ec3: '--', ep3: '--', ed3: '--', pm3: '' },
    m4: { ec4: '--', ep4: '--', ed4: '--', pm4: '' },    
    pmf: '' } 
]


    Windows PowerShell
Copyright (C) Microsoft Corporation. Todos los derechos reservados.










PS C:\Users\sam>
PS C:\Users\sam>
PS C:\Users\sam> cd C:\Users\sam\Documents\AWebScrapping
PS C:\Users\sam\Documents\AWebScrapping> node index2 0333152013 internetA15
dentro de intranet
[ { curso: 'EVALUACION DE CALIDAD DE SOFTWARE-A',
    modulo1: '15  15  15  15.0',
    modulo2: '--  --  --  ',
    modulo3: '--  --  --  ',
    modulo4: '--  --  --  ',
    promedio_final: '' },
  { curso: 'FORMULACION Y EVALUACION DE PROYECTOS INFORMATICOS-A',
    modulo1: '16  15  15  15.3',
    modulo2: '--  --  --  ',
    modulo3: '--  --  --  ',
    modulo4: '--  --  --  ',
    promedio_final: '' },
  { curso: 'AUDITORIA Y SEGURIDAD DE LA INFORMACION-A',
    modulo1: '12  12  12  12.0',
    modulo2: '--  --  --  ',
    modulo3: '--  --  --  ',
    modulo4: '--  --  --  ',
    promedio_final: '' },
  { curso: 'TALLER DE REDES DE VOZ Y VIDEO-A',
    modulo1: '15  15  14  14.6',
    modulo2: '--  --  --  ',
    modulo3: '--  --  --  ',
    modulo4: '--  --  --  ',
    promedio_final: '' },
  { curso: 'SISTEMAS INTELIGENTES-A',
    modulo1: '14  13  13  13.3',
    modulo2: '--  --  --  ',
    modulo3: '--  --  --  ',
    modulo4: '--  --  --  ',
    promedio_final: '' },
  { curso: 'EMPRENDIMIENTO E INNOVACION-A',
    modulo1: '20  16  16  17.2',
    modulo2: '--  --  --  ',
    modulo3: '--  --  --  ',
    modulo4: '--  --  --  ',
    promedio_final: '' },
  { curso: 'REDES NEURONALES (e)-A',
    modulo1: '15  16  14  15.0',
    modulo2: '--  --  --  ',
    modulo3: '--  --  --  ',
    modulo4: '--  --  --  ',
    promedio_final: '' } ]
[ { nombre: 'EVALUACION DE CALIDAD DE SOFTWARE-A',
    m1: { ec1: '15', ep1: '15', ed1: '15', pm1: '15.0' },
    m2: { ec2: '--', ep2: '--', ed2: '--', pm2: '' },
    m3: { ec3: '--', ep3: '--', ed3: '--', pm3: '' },
    m4: { ec4: '--', ep4: '--', ed4: '--', pm4: '' },
    pmf: '' },
  { nombre: 'FORMULACION Y EVALUACION DE PROYECTOS INFORMATICOS-A',
    m1: { ec1: '16', ep1: '15', ed1: '15', pm1: '15.3' },
    m2: { ec2: '--', ep2: '--', ed2: '--', pm2: '' },
    m3: { ec3: '--', ep3: '--', ed3: '--', pm3: '' },
    m4: { ec4: '--', ep4: '--', ed4: '--', pm4: '' },
    pmf: '' },
  { nombre: 'AUDITORIA Y SEGURIDAD DE LA INFORMACION-A',
    m1: { ec1: '12', ep1: '12', ed1: '12', pm1: '12.0' },
    m2: { ec2: '--', ep2: '--', ed2: '--', pm2: '' },
    m3: { ec3: '--', ep3: '--', ed3: '--', pm3: '' },
    m4: { ec4: '--', ep4: '--', ed4: '--', pm4: '' },
    pmf: '' },
  { nombre: 'TALLER DE REDES DE VOZ Y VIDEO-A',
    m1: { ec1: '15', ep1: '15', ed1: '14', pm1: '14.6' },
    m2: { ec2: '--', ep2: '--', ed2: '--', pm2: '' },
    m3: { ec3: '--', ep3: '--', ed3: '--', pm3: '' },
    m4: { ec4: '--', ep4: '--', ed4: '--', pm4: '' },
    pmf: '' },
  { nombre: 'SISTEMAS INTELIGENTES-A',
    m1: { ec1: '14', ep1: '13', ed1: '13', pm1: '13.3' },
    m2: { ec2: '--', ep2: '--', ed2: '--', pm2: '' },
    m3: { ec3: '--', ep3: '--', ed3: '--', pm3: '' },
    m4: { ec4: '--', ep4: '--', ed4: '--', pm4: '' },
    pmf: '' },
  { nombre: 'EMPRENDIMIENTO E INNOVACION-A',
    m1: { ec1: '20', ep1: '16', ed1: '16', pm1: '17.2' },
    m2: { ec2: '--', ep2: '--', ed2: '--', pm2: '' },
    m3: { ec3: '--', ep3: '--', ed3: '--', pm3: '' },
    m4: { ec4: '--', ep4: '--', ed4: '--', pm4: '' },
    pmf: '' },
  { nombre: 'REDES NEURONALES (e)-A',
    m1: { ec1: '15', ep1: '16', ed1: '14', pm1: '15.0' },
    m2: { ec2: '--', ep2: '--', ed2: '--', pm2: '' },
    m3: { ec3: '--', ep3: '--', ed3: '--', pm3: '' },
    m4: { ec4: '--', ep4: '--', ed4: '--', pm4: '' },
    pmf: '' } ]